2021-07-06 15:21:02.413  INFO 23396 --- [restartedMain] c.c.m.MedRepScheduleServiceApplication   : No active profile set, falling back to default profiles: default
2021-07-06 15:21:03.336  INFO 23396 --- [restartedMain] .s.d.r.c.RepositoryConfigurationDelegate : Bootstrapping Spring Data JPA repositories in DEFAULT mode.
2021-07-06 15:21:03.440  INFO 23396 --- [restartedMain] .s.d.r.c.RepositoryConfigurationDelegate : Finished Spring Data repository scanning in 92ms. Found 1 JPA repository interfaces.
2021-07-06 15:21:03.705  INFO 23396 --- [restartedMain] o.s.cloud.context.scope.GenericScope     : BeanFactory id=796cb590-f3b8-3e1e-95ec-a7e9c0ad0b46
2021-07-06 15:21:03.805  INFO 23396 --- [restartedMain] trationDelegate$BeanPostProcessorChecker : Bean 'com.cognizant.medicalrepresentativeschedule.feignclient.AuthenticationFeignClient' of type [org.springframework.cloud.openfeign.FeignClientFactoryBean] is not eligible for getting processed by all BeanPostProcessors (for example: not eligible for auto-proxying)
2021-07-06 15:21:03.808  INFO 23396 --- [restartedMain] trationDelegate$BeanPostProcessorChecker : Bean 'com.cognizant.medicalrepresentativeschedule.feignclient.MedicineStockFeignClient' of type [org.springframework.cloud.openfeign.FeignClientFactoryBean] is not eligible for getting processed by all BeanPostProcessors (for example: not eligible for auto-proxying)
2021-07-06 15:21:03.909  INFO 23396 --- [restartedMain] trationDelegate$BeanPostProcessorChecker : Bean 'org.springframework.cloud.autoconfigure.ConfigurationPropertiesRebinderAutoConfiguration' of type [org.springframework.cloud.autoconfigure.ConfigurationPropertiesRebinderAutoConfiguration$$EnhancerBySpringCGLIB$$47c45431] is not eligible for getting processed by all BeanPostProcessors (for example: not eligible for auto-proxying)
2021-07-06 15:21:04.540  INFO 23396 --- [restartedMain] o.s.b.w.embedded.tomcat.TomcatWebServer  : Tomcat initialized with port(s): 8082 (http)
2021-07-06 15:21:04.556  INFO 23396 --- [restartedMain] o.apache.catalina.core.StandardService   : Starting service [Tomcat]
2021-07-06 15:21:04.556  INFO 23396 --- [restartedMain] org.apache.catalina.core.StandardEngine  : Starting Servlet engine: [Apache Tomcat/9.0.43]
2021-07-06 15:21:04.725  INFO 23396 --- [restartedMain] medical-representative-schedule-service] : Initializing Spring embedded WebApplicationContext
2021-07-06 15:21:04.725  INFO 23396 --- [restartedMain] w.s.c.ServletWebServerApplicationContext : Root WebApplicationContext: initialization completed in 2275 ms
2021-07-06 15:21:04.871  INFO 23396 --- [restartedMain] com.zaxxer.hikari.HikariDataSource       : HikariPool-1 - Starting...
2021-07-06 15:21:05.199  INFO 23396 --- [restartedMain] com.zaxxer.hikari.HikariDataSource       : HikariPool-1 - Start completed.
2021-07-06 15:21:05.211  INFO 23396 --- [restartedMain] o.s.b.a.h2.H2ConsoleAutoConfiguration    : H2 console available at '/h2-console'. Database available at 'jdbc:h2:mem:db'
2021-07-06 15:21:05.284 DEBUG 23396 --- [restartedMain] o.springframework.web.filter.CorsFilter  : Filter 'corsFilter' configured for use
2021-07-06 15:21:05.487  INFO 23396 --- [restartedMain] o.hibernate.jpa.internal.util.LogHelper  : HHH000204: Processing PersistenceUnitInfo [name: default]
2021-07-06 15:21:05.586  INFO 23396 --- [restartedMain] org.hibernate.Version                    : HHH000412: Hibernate ORM core version 5.4.28.Final
2021-07-06 15:21:05.846  INFO 23396 --- [restartedMain] o.hibernate.annotations.common.Version   : HCANN000001: Hibernate Commons Annotations {5.1.2.Final}
2021-07-06 15:21:06.073  INFO 23396 --- [restartedMain] org.hibernate.dialect.Dialect            : HHH000400: Using dialect: org.hibernate.dialect.H2Dialect
2021-07-06 15:21:07.147 DEBUG 23396 --- [restartedMain] org.hibernate.SQL                        : drop table if exists medical_representatives CASCADE 
2021-07-06 15:21:07.157 DEBUG 23396 --- [restartedMain] org.hibernate.SQL                        : create table medical_representatives (id integer generated by default as identity, name varchar(255), phone_number varchar(255), primary key (id))
2021-07-06 15:21:07.184  INFO 23396 --- [restartedMain] o.h.e.t.j.p.i.JtaPlatformInitiator       : HHH000490: Using JtaPlatform implementation: [org.hibernate.engine.transaction.jta.platform.internal.NoJtaPlatform]
2021-07-06 15:21:07.209  INFO 23396 --- [restartedMain] j.LocalContainerEntityManagerFactoryBean : Initialized JPA EntityManagerFactory for persistence unit 'default'
2021-07-06 15:21:07.292  WARN 23396 --- [restartedMain] o.s.b.d.a.OptionalLiveReloadServer       : Unable to start LiveReload server
2021-07-06 15:21:07.530  WARN 23396 --- [restartedMain] JpaBaseConfiguration$JpaWebConfiguration : spring.jpa.open-in-view is enabled by default. Therefore, database queries may be performed during view rendering. Explicitly configure spring.jpa.open-in-view to disable this warning
2021-07-06 15:21:08.059  WARN 23396 --- [restartedMain] c.n.c.sources.URLConfigurationSource     : No URLs will be polled as dynamic configuration sources.
2021-07-06 15:21:08.060  INFO 23396 --- [restartedMain] c.n.c.sources.URLConfigurationSource     : To enable URLs as dynamic configuration sources, define System property archaius.configurationSource.additionalUrls or make config.properties available on classpath.
2021-07-06 15:21:08.068  WARN 23396 --- [restartedMain] c.n.c.sources.URLConfigurationSource     : No URLs will be polled as dynamic configuration sources.
2021-07-06 15:21:08.068  INFO 23396 --- [restartedMain] c.n.c.sources.URLConfigurationSource     : To enable URLs as dynamic configuration sources, define System property archaius.configurationSource.additionalUrls or make config.properties available on classpath.
2021-07-06 15:21:08.257  INFO 23396 --- [restartedMain] o.s.s.concurrent.ThreadPoolTaskExecutor  : Initializing ExecutorService 'applicationTaskExecutor'
2021-07-06 15:21:08.274 DEBUG 23396 --- [restartedMain] s.w.s.m.m.a.RequestMappingHandlerAdapter : ControllerAdvice beans: 0 @ModelAttribute, 0 @InitBinder, 1 RequestBodyAdvice, 1 ResponseBodyAdvice
2021-07-06 15:21:08.372 DEBUG 23396 --- [restartedMain] s.w.s.m.m.a.RequestMappingHandlerMapping : 6 mappings in 'requestMappingHandlerMapping'
2021-07-06 15:21:08.395 DEBUG 23396 --- [restartedMain] o.s.w.s.handler.SimpleUrlHandlerMapping  : Patterns [/webjars/**, /**] in 'resourceHandlerMapping'
2021-07-06 15:21:08.437 DEBUG 23396 --- [restartedMain] .m.m.a.ExceptionHandlerExceptionResolver : ControllerAdvice beans: 1 @ExceptionHandler, 1 ResponseBodyAdvice
2021-07-06 15:21:08.911  WARN 23396 --- [restartedMain] ConfigServletWebServerApplicationContext : Exception encountered during context initialization - cancelling refresh attempt: org.springframework.context.ApplicationContextException: Failed to start bean 'webServerStartStop'; nested exception is org.springframework.boot.web.server.PortInUseException: Port 8082 is already in use
2021-07-06 15:21:08.913  INFO 23396 --- [restartedMain] o.s.s.concurrent.ThreadPoolTaskExecutor  : Shutting down ExecutorService 'applicationTaskExecutor'
2021-07-06 15:21:08.917  INFO 23396 --- [restartedMain] j.LocalContainerEntityManagerFactoryBean : Closing JPA EntityManagerFactory for persistence unit 'default'
2021-07-06 15:21:09.150  WARN 23396 --- [restartedMain] o.s.b.f.support.DisposableBeanAdapter    : Invocation of destroy method failed on bean with name 'inMemoryDatabaseShutdownExecutor': org.h2.jdbc.JdbcSQLNonTransientConnectionException: Database is already closed (to disable automatic closing at VM shutdown, add ";DB_CLOSE_ON_EXIT=FALSE" to the db URL) [90121-200]
2021-07-06 15:21:09.153  INFO 23396 --- [restartedMain] com.zaxxer.hikari.HikariDataSource       : HikariPool-1 - Shutdown initiated...
2021-07-06 15:21:09.159  INFO 23396 --- [restartedMain] com.zaxxer.hikari.HikariDataSource       : HikariPool-1 - Shutdown completed.
2021-07-06 15:21:09.161  INFO 23396 --- [restartedMain] o.apache.catalina.core.StandardService   : Stopping service [Tomcat]
2021-07-06 15:21:09.193  INFO 23396 --- [restartedMain] ConditionEvaluationReportLoggingListener : 

Error starting ApplicationContext. To display the conditions report re-run your application with 'debug' enabled.
2021-07-06 15:21:09.202 ERROR 23396 --- [restartedMain] o.s.b.d.LoggingFailureAnalysisReporter   : 

***************************
APPLICATION FAILED TO START
***************************

Description:

Web server failed to start. Port 8082 was already in use.

Action:

Identify and stop the process that's listening on port 8082 or configure this application to listen on another port.

2021-07-06 15:21:55.485  INFO 2656 --- [restartedMain] c.c.m.MedRepScheduleServiceApplication   : No active profile set, falling back to default profiles: default
2021-07-06 15:21:57.115  INFO 2656 --- [restartedMain] .s.d.r.c.RepositoryConfigurationDelegate : Bootstrapping Spring Data JPA repositories in DEFAULT mode.
2021-07-06 15:21:57.220  INFO 2656 --- [restartedMain] .s.d.r.c.RepositoryConfigurationDelegate : Finished Spring Data repository scanning in 88ms. Found 1 JPA repository interfaces.
2021-07-06 15:21:57.500  INFO 2656 --- [restartedMain] o.s.cloud.context.scope.GenericScope     : BeanFactory id=796cb590-f3b8-3e1e-95ec-a7e9c0ad0b46
2021-07-06 15:21:57.593  INFO 2656 --- [restartedMain] trationDelegate$BeanPostProcessorChecker : Bean 'com.cognizant.medicalrepresentativeschedule.feignclient.AuthenticationFeignClient' of type [org.springframework.cloud.openfeign.FeignClientFactoryBean] is not eligible for getting processed by all BeanPostProcessors (for example: not eligible for auto-proxying)
2021-07-06 15:21:57.596  INFO 2656 --- [restartedMain] trationDelegate$BeanPostProcessorChecker : Bean 'com.cognizant.medicalrepresentativeschedule.feignclient.MedicineStockFeignClient' of type [org.springframework.cloud.openfeign.FeignClientFactoryBean] is not eligible for getting processed by all BeanPostProcessors (for example: not eligible for auto-proxying)
2021-07-06 15:21:57.743  INFO 2656 --- [restartedMain] trationDelegate$BeanPostProcessorChecker : Bean 'org.springframework.cloud.autoconfigure.ConfigurationPropertiesRebinderAutoConfiguration' of type [org.springframework.cloud.autoconfigure.ConfigurationPropertiesRebinderAutoConfiguration$$EnhancerBySpringCGLIB$$db95b7a1] is not eligible for getting processed by all BeanPostProcessors (for example: not eligible for auto-proxying)
2021-07-06 15:21:58.825  INFO 2656 --- [restartedMain] o.s.b.w.embedded.tomcat.TomcatWebServer  : Tomcat initialized with port(s): 8082 (http)
2021-07-06 15:21:58.846  INFO 2656 --- [restartedMain] o.apache.catalina.core.StandardService   : Starting service [Tomcat]
2021-07-06 15:21:58.846  INFO 2656 --- [restartedMain] org.apache.catalina.core.StandardEngine  : Starting Servlet engine: [Apache Tomcat/9.0.43]
2021-07-06 15:21:59.049  INFO 2656 --- [restartedMain] medical-representative-schedule-service] : Initializing Spring embedded WebApplicationContext
2021-07-06 15:21:59.049  INFO 2656 --- [restartedMain] w.s.c.ServletWebServerApplicationContext : Root WebApplicationContext: initialization completed in 3494 ms
2021-07-06 15:21:59.191  INFO 2656 --- [restartedMain] com.zaxxer.hikari.HikariDataSource       : HikariPool-1 - Starting...
2021-07-06 15:21:59.693  INFO 2656 --- [restartedMain] com.zaxxer.hikari.HikariDataSource       : HikariPool-1 - Start completed.
2021-07-06 15:21:59.714  INFO 2656 --- [restartedMain] o.s.b.a.h2.H2ConsoleAutoConfiguration    : H2 console available at '/h2-console'. Database available at 'jdbc:h2:mem:db'
2021-07-06 15:21:59.815 DEBUG 2656 --- [restartedMain] o.springframework.web.filter.CorsFilter  : Filter 'corsFilter' configured for use
2021-07-06 15:22:00.121  INFO 2656 --- [restartedMain] o.hibernate.jpa.internal.util.LogHelper  : HHH000204: Processing PersistenceUnitInfo [name: default]
2021-07-06 15:22:00.343  INFO 2656 --- [restartedMain] org.hibernate.Version                    : HHH000412: Hibernate ORM core version 5.4.28.Final
2021-07-06 15:22:00.837  INFO 2656 --- [restartedMain] o.hibernate.annotations.common.Version   : HCANN000001: Hibernate Commons Annotations {5.1.2.Final}
2021-07-06 15:22:01.205  INFO 2656 --- [restartedMain] org.hibernate.dialect.Dialect            : HHH000400: Using dialect: org.hibernate.dialect.H2Dialect
2021-07-06 15:22:02.983 DEBUG 2656 --- [restartedMain] org.hibernate.SQL                        : drop table if exists medical_representatives CASCADE 
2021-07-06 15:22:02.990 DEBUG 2656 --- [restartedMain] org.hibernate.SQL                        : create table medical_representatives (id integer generated by default as identity, name varchar(255), phone_number varchar(255), primary key (id))
2021-07-06 15:22:03.008  INFO 2656 --- [restartedMain] o.h.e.t.j.p.i.JtaPlatformInitiator       : HHH000490: Using JtaPlatform implementation: [org.hibernate.engine.transaction.jta.platform.internal.NoJtaPlatform]
2021-07-06 15:22:03.021  INFO 2656 --- [restartedMain] j.LocalContainerEntityManagerFactoryBean : Initialized JPA EntityManagerFactory for persistence unit 'default'
2021-07-06 15:22:03.085  WARN 2656 --- [restartedMain] o.s.b.d.a.OptionalLiveReloadServer       : Unable to start LiveReload server
2021-07-06 15:22:03.255  WARN 2656 --- [restartedMain] JpaBaseConfiguration$JpaWebConfiguration : spring.jpa.open-in-view is enabled by default. Therefore, database queries may be performed during view rendering. Explicitly configure spring.jpa.open-in-view to disable this warning
2021-07-06 15:22:03.834  WARN 2656 --- [restartedMain] c.n.c.sources.URLConfigurationSource     : No URLs will be polled as dynamic configuration sources.
2021-07-06 15:22:03.835  INFO 2656 --- [restartedMain] c.n.c.sources.URLConfigurationSource     : To enable URLs as dynamic configuration sources, define System property archaius.configurationSource.additionalUrls or make config.properties available on classpath.
2021-07-06 15:22:03.848  WARN 2656 --- [restartedMain] c.n.c.sources.URLConfigurationSource     : No URLs will be polled as dynamic configuration sources.
2021-07-06 15:22:03.848  INFO 2656 --- [restartedMain] c.n.c.sources.URLConfigurationSource     : To enable URLs as dynamic configuration sources, define System property archaius.configurationSource.additionalUrls or make config.properties available on classpath.
2021-07-06 15:22:04.183  INFO 2656 --- [restartedMain] o.s.s.concurrent.ThreadPoolTaskExecutor  : Initializing ExecutorService 'applicationTaskExecutor'
2021-07-06 15:22:04.205 DEBUG 2656 --- [restartedMain] s.w.s.m.m.a.RequestMappingHandlerAdapter : ControllerAdvice beans: 0 @ModelAttribute, 0 @InitBinder, 1 RequestBodyAdvice, 1 ResponseBodyAdvice
2021-07-06 15:22:04.342 DEBUG 2656 --- [restartedMain] s.w.s.m.m.a.RequestMappingHandlerMapping : 6 mappings in 'requestMappingHandlerMapping'
2021-07-06 15:22:04.373 DEBUG 2656 --- [restartedMain] o.s.w.s.handler.SimpleUrlHandlerMapping  : Patterns [/webjars/**, /**] in 'resourceHandlerMapping'
2021-07-06 15:22:04.446 DEBUG 2656 --- [restartedMain] .m.m.a.ExceptionHandlerExceptionResolver : ControllerAdvice beans: 1 @ExceptionHandler, 1 ResponseBodyAdvice
2021-07-06 15:22:05.396  INFO 2656 --- [restartedMain] o.s.b.w.embedded.tomcat.TomcatWebServer  : Tomcat started on port(s): 8082 (http) with context path '/api/medical-representative-schedule-service'
2021-07-06 15:22:05.423  INFO 2656 --- [restartedMain] c.c.m.MedRepScheduleServiceApplication   : Started MedRepScheduleServiceApplication in 13.166 seconds (JVM running for 15.78)
2021-07-06 15:22:05.437  INFO 2656 --- [restartedMain] c.c.m.MedRepScheduleServiceApplication   : End
