2021-07-06 13:16:40.672  INFO 2176 --- [main] c.c.p.PharmacySupplyApplicationTests     : No active profile set, falling back to default profiles: default
2021-07-06 13:16:40.689 DEBUG 2176 --- [main] o.s.w.c.s.GenericWebApplicationContext   : Refreshing org.springframework.web.context.support.GenericWebApplicationContext@71cb3139
2021-07-06 13:16:42.065  INFO 2176 --- [main] .s.d.r.c.RepositoryConfigurationDelegate : Bootstrapping Spring Data JPA repositories in DEFAULT mode.
2021-07-06 13:16:42.217  INFO 2176 --- [main] .s.d.r.c.RepositoryConfigurationDelegate : Finished Spring Data repository scanning in 132ms. Found 2 JPA repository interfaces.
2021-07-06 13:16:42.673  INFO 2176 --- [main] o.s.cloud.context.scope.GenericScope     : BeanFactory id=bdadd7b1-65c3-3cd5-ba03-6473703a4c0f
2021-07-06 13:16:43.460  INFO 2176 --- [main] com.zaxxer.hikari.HikariDataSource       : HikariPool-1 - Starting...
2021-07-06 13:16:44.226  INFO 2176 --- [main] com.zaxxer.hikari.HikariDataSource       : HikariPool-1 - Start completed.
2021-07-06 13:16:44.503  INFO 2176 --- [main] o.hibernate.jpa.internal.util.LogHelper  : HHH000204: Processing PersistenceUnitInfo [name: default]
2021-07-06 13:16:44.671  INFO 2176 --- [main] org.hibernate.Version                    : HHH000412: Hibernate ORM core version 5.4.28.Final
2021-07-06 13:16:45.086  INFO 2176 --- [main] o.hibernate.annotations.common.Version   : HCANN000001: Hibernate Commons Annotations {5.1.2.Final}
2021-07-06 13:16:45.745  INFO 2176 --- [main] org.hibernate.dialect.Dialect            : HHH000400: Using dialect: org.hibernate.dialect.H2Dialect
2021-07-06 13:16:47.403 DEBUG 2176 --- [main] org.hibernate.SQL                        : drop table if exists medicine_demand CASCADE 
2021-07-06 13:16:47.406 DEBUG 2176 --- [main] org.hibernate.SQL                        : drop table if exists medicine_supply CASCADE 
2021-07-06 13:16:47.407 DEBUG 2176 --- [main] org.hibernate.SQL                        : drop sequence if exists hibernate_sequence
2021-07-06 13:16:47.412 DEBUG 2176 --- [main] org.hibernate.SQL                        : create sequence hibernate_sequence start with 1 increment by 1
2021-07-06 13:16:47.415 DEBUG 2176 --- [main] org.hibernate.SQL                        : create table medicine_demand (id integer not null, demand_count integer not null, medicine_name varchar(255) not null, primary key (id))
2021-07-06 13:16:47.425 DEBUG 2176 --- [main] org.hibernate.SQL                        : create table medicine_supply (id integer not null, medicine_name varchar(255), pharmacy_name varchar(255), supply_count integer not null, primary key (id))
2021-07-06 13:16:47.432  INFO 2176 --- [main] o.h.e.t.j.p.i.JtaPlatformInitiator       : HHH000490: Using JtaPlatform implementation: [org.hibernate.engine.transaction.jta.platform.internal.NoJtaPlatform]
2021-07-06 13:16:47.450  INFO 2176 --- [main] j.LocalContainerEntityManagerFactoryBean : Initialized JPA EntityManagerFactory for persistence unit 'default'
2021-07-06 13:16:48.439  WARN 2176 --- [main] JpaBaseConfiguration$JpaWebConfiguration : spring.jpa.open-in-view is enabled by default. Therefore, database queries may be performed during view rendering. Explicitly configure spring.jpa.open-in-view to disable this warning
2021-07-06 13:16:48.677  INFO 2176 --- [main] o.s.b.a.h2.H2ConsoleAutoConfiguration    : H2 console available at '/h2-console'. Database available at 'jdbc:h2:mem:testdb'
2021-07-06 13:16:49.379  WARN 2176 --- [main] c.n.c.sources.URLConfigurationSource     : No URLs will be polled as dynamic configuration sources.
2021-07-06 13:16:49.381  INFO 2176 --- [main] c.n.c.sources.URLConfigurationSource     : To enable URLs as dynamic configuration sources, define System property archaius.configurationSource.additionalUrls or make config.properties available on classpath.
2021-07-06 13:16:49.399  WARN 2176 --- [main] c.n.c.sources.URLConfigurationSource     : No URLs will be polled as dynamic configuration sources.
2021-07-06 13:16:49.401  INFO 2176 --- [main] c.n.c.sources.URLConfigurationSource     : To enable URLs as dynamic configuration sources, define System property archaius.configurationSource.additionalUrls or make config.properties available on classpath.
2021-07-06 13:16:50.279  INFO 2176 --- [main] o.s.s.concurrent.ThreadPoolTaskExecutor  : Initializing ExecutorService 'applicationTaskExecutor'
2021-07-06 13:16:50.327 DEBUG 2176 --- [main] s.w.s.m.m.a.RequestMappingHandlerAdapter : ControllerAdvice beans: 0 @ModelAttribute, 0 @InitBinder, 1 RequestBodyAdvice, 1 ResponseBodyAdvice
2021-07-06 13:16:50.490 DEBUG 2176 --- [main] s.w.s.m.m.a.RequestMappingHandlerMapping : 5 mappings in 'requestMappingHandlerMapping'
2021-07-06 13:16:50.559 DEBUG 2176 --- [main] o.s.w.s.handler.SimpleUrlHandlerMapping  : Patterns [/webjars/**, /**] in 'resourceHandlerMapping'
2021-07-06 13:16:50.739 DEBUG 2176 --- [main] .m.m.a.ExceptionHandlerExceptionResolver : ControllerAdvice beans: 1 @ExceptionHandler, 1 ResponseBodyAdvice
2021-07-06 13:16:51.768  INFO 2176 --- [main] c.c.p.PharmacySupplyApplicationTests     : Started PharmacySupplyApplicationTests in 13.683 seconds (JVM running for 16.408)
2021-07-06 13:16:52.350  INFO 2176 --- [main] c.c.p.PharmacySupplyApplication          : START
2021-07-06 13:16:52.362 DEBUG 2176 --- [main] o.s.w.c.s.StandardServletEnvironment     : Activating profiles []
2021-07-06 13:16:52.951  INFO 2176 --- [main] c.c.p.PharmacySupplyApplication          : No active profile set, falling back to default profiles: default
2021-07-06 13:16:53.589  INFO 2176 --- [main] .s.d.r.c.RepositoryConfigurationDelegate : Bootstrapping Spring Data JPA repositories in DEFAULT mode.
2021-07-06 13:16:53.646  INFO 2176 --- [main] .s.d.r.c.RepositoryConfigurationDelegate : Finished Spring Data repository scanning in 56ms. Found 2 JPA repository interfaces.
2021-07-06 13:16:53.718  INFO 2176 --- [main] o.s.cloud.context.scope.GenericScope     : BeanFactory id=505f2da9-b6a1-37cb-94e6-df8698135ab6
2021-07-06 13:16:54.074  INFO 2176 --- [main] o.s.b.w.embedded.tomcat.TomcatWebServer  : Tomcat initialized with port(s): 8083 (http)
2021-07-06 13:16:54.097  INFO 2176 --- [main] o.apache.catalina.core.StandardService   : Starting service [Tomcat]
2021-07-06 13:16:54.098  INFO 2176 --- [main] org.apache.catalina.core.StandardEngine  : Starting Servlet engine: [Apache Tomcat/9.0.43]
2021-07-06 13:16:54.457  INFO 2176 --- [main] .c.C.[.[.[/api/pharmacy-medicine-supply] : Initializing Spring embedded WebApplicationContext
2021-07-06 13:16:54.458  INFO 2176 --- [main] w.s.c.ServletWebServerApplicationContext : Root WebApplicationContext: initialization completed in 1502 ms
2021-07-06 13:16:54.499  INFO 2176 --- [main] com.zaxxer.hikari.HikariDataSource       : HikariPool-2 - Starting...
2021-07-06 13:16:54.506  INFO 2176 --- [main] com.zaxxer.hikari.HikariDataSource       : HikariPool-2 - Start completed.
2021-07-06 13:16:54.511  INFO 2176 --- [main] o.s.b.a.h2.H2ConsoleAutoConfiguration    : H2 console available at '/h2-console'. Database available at 'jdbc:h2:mem:testdb'
2021-07-06 13:16:54.656  INFO 2176 --- [main] o.hibernate.jpa.internal.util.LogHelper  : HHH000204: Processing PersistenceUnitInfo [name: default]
2021-07-06 13:16:54.668  INFO 2176 --- [main] org.hibernate.dialect.Dialect            : HHH000400: Using dialect: org.hibernate.dialect.H2Dialect
2021-07-06 13:16:54.742 DEBUG 2176 --- [main] org.hibernate.SQL                        : drop table if exists medicine_demand CASCADE 
2021-07-06 13:16:54.750 DEBUG 2176 --- [main] org.hibernate.SQL                        : drop table if exists medicine_supply CASCADE 
2021-07-06 13:16:54.752 DEBUG 2176 --- [main] org.hibernate.SQL                        : drop sequence if exists hibernate_sequence
2021-07-06 13:16:54.754 DEBUG 2176 --- [main] org.hibernate.SQL                        : create sequence hibernate_sequence start with 1 increment by 1
2021-07-06 13:16:54.756 DEBUG 2176 --- [main] org.hibernate.SQL                        : create table medicine_demand (id integer not null, demand_count integer not null, medicine_name varchar(255) not null, primary key (id))
2021-07-06 13:16:54.762 DEBUG 2176 --- [main] org.hibernate.SQL                        : create table medicine_supply (id integer not null, medicine_name varchar(255), pharmacy_name varchar(255), supply_count integer not null, primary key (id))
2021-07-06 13:16:54.768  INFO 2176 --- [main] o.h.e.t.j.p.i.JtaPlatformInitiator       : HHH000490: Using JtaPlatform implementation: [org.hibernate.engine.transaction.jta.platform.internal.NoJtaPlatform]
2021-07-06 13:16:54.769  INFO 2176 --- [main] j.LocalContainerEntityManagerFactoryBean : Initialized JPA EntityManagerFactory for persistence unit 'default'
2021-07-06 13:16:54.905  WARN 2176 --- [main] JpaBaseConfiguration$JpaWebConfiguration : spring.jpa.open-in-view is enabled by default. Therefore, database queries may be performed during view rendering. Explicitly configure spring.jpa.open-in-view to disable this warning
2021-07-06 13:16:55.025  WARN 2176 --- [main] o.s.c.n.a.ArchaiusAutoConfiguration      : Netflix ConfigurationManager has already been installed, unable to re-install
2021-07-06 13:16:55.100  INFO 2176 --- [main] o.s.s.concurrent.ThreadPoolTaskExecutor  : Initializing ExecutorService 'applicationTaskExecutor'
2021-07-06 13:16:55.106 DEBUG 2176 --- [main] s.w.s.m.m.a.RequestMappingHandlerAdapter : ControllerAdvice beans: 0 @ModelAttribute, 0 @InitBinder, 1 RequestBodyAdvice, 1 ResponseBodyAdvice
2021-07-06 13:16:55.116 DEBUG 2176 --- [main] s.w.s.m.m.a.RequestMappingHandlerMapping : 5 mappings in 'requestMappingHandlerMapping'
2021-07-06 13:16:55.129 DEBUG 2176 --- [main] o.s.w.s.handler.SimpleUrlHandlerMapping  : Patterns [/webjars/**, /**] in 'resourceHandlerMapping'
2021-07-06 13:16:55.167 DEBUG 2176 --- [main] .m.m.a.ExceptionHandlerExceptionResolver : ControllerAdvice beans: 1 @ExceptionHandler, 1 ResponseBodyAdvice
2021-07-06 13:16:55.541  INFO 2176 --- [main] o.s.b.w.embedded.tomcat.TomcatWebServer  : Tomcat started on port(s): 8083 (http) with context path '/api/pharmacy-medicine-supply'
2021-07-06 13:16:55.726  INFO 2176 --- [main] c.c.p.PharmacySupplyApplication          : Started PharmacySupplyApplication in 3.368 seconds (JVM running for 20.365)
2021-07-06 13:16:55.729  INFO 2176 --- [main] c.c.p.PharmacySupplyApplication          : END
2021-07-06 13:16:56.491  INFO 2176 --- [main] c.c.p.c.PharmacySupplyControllerTest     : No active profile set, falling back to default profiles: default
2021-07-06 13:16:56.507 DEBUG 2176 --- [main] o.s.w.c.s.GenericWebApplicationContext   : Refreshing org.springframework.web.context.support.GenericWebApplicationContext@1b079e81
2021-07-06 13:16:57.104  INFO 2176 --- [main] .s.d.r.c.RepositoryConfigurationDelegate : Bootstrapping Spring Data JPA repositories in DEFAULT mode.
2021-07-06 13:16:57.155  INFO 2176 --- [main] .s.d.r.c.RepositoryConfigurationDelegate : Finished Spring Data repository scanning in 50ms. Found 2 JPA repository interfaces.
2021-07-06 13:16:57.256  INFO 2176 --- [main] o.s.cloud.context.scope.GenericScope     : BeanFactory id=d077f6d9-70ca-37e4-9403-ec1eea3cf406
2021-07-06 13:16:57.530  INFO 2176 --- [main] com.zaxxer.hikari.HikariDataSource       : HikariPool-3 - Starting...
2021-07-06 13:16:57.534  INFO 2176 --- [main] com.zaxxer.hikari.HikariDataSource       : HikariPool-3 - Start completed.
2021-07-06 13:16:57.575  INFO 2176 --- [main] o.hibernate.jpa.internal.util.LogHelper  : HHH000204: Processing PersistenceUnitInfo [name: default]
2021-07-06 13:16:57.593  INFO 2176 --- [main] org.hibernate.dialect.Dialect            : HHH000400: Using dialect: org.hibernate.dialect.H2Dialect
2021-07-06 13:16:57.672 DEBUG 2176 --- [main] org.hibernate.SQL                        : drop table if exists medicine_demand CASCADE 
2021-07-06 13:16:57.674 DEBUG 2176 --- [main] org.hibernate.SQL                        : drop table if exists medicine_supply CASCADE 
2021-07-06 13:16:57.676 DEBUG 2176 --- [main] org.hibernate.SQL                        : drop sequence if exists hibernate_sequence
2021-07-06 13:16:57.678 DEBUG 2176 --- [main] org.hibernate.SQL                        : create sequence hibernate_sequence start with 1 increment by 1
2021-07-06 13:16:57.680 DEBUG 2176 --- [main] org.hibernate.SQL                        : create table medicine_demand (id integer not null, demand_count integer not null, medicine_name varchar(255) not null, primary key (id))
2021-07-06 13:16:57.685 DEBUG 2176 --- [main] org.hibernate.SQL                        : create table medicine_supply (id integer not null, medicine_name varchar(255), pharmacy_name varchar(255), supply_count integer not null, primary key (id))
2021-07-06 13:16:57.689  INFO 2176 --- [main] o.h.e.t.j.p.i.JtaPlatformInitiator       : HHH000490: Using JtaPlatform implementation: [org.hibernate.engine.transaction.jta.platform.internal.NoJtaPlatform]
2021-07-06 13:16:57.690  INFO 2176 --- [main] j.LocalContainerEntityManagerFactoryBean : Initialized JPA EntityManagerFactory for persistence unit 'default'
2021-07-06 13:16:57.920  WARN 2176 --- [main] JpaBaseConfiguration$JpaWebConfiguration : spring.jpa.open-in-view is enabled by default. Therefore, database queries may be performed during view rendering. Explicitly configure spring.jpa.open-in-view to disable this warning
2021-07-06 13:16:58.040  INFO 2176 --- [main] o.s.b.a.h2.H2ConsoleAutoConfiguration    : H2 console available at '/h2-console'. Database available at 'jdbc:h2:mem:testdb'
2021-07-06 13:16:58.319  WARN 2176 --- [main] o.s.c.n.a.ArchaiusAutoConfiguration      : Netflix ConfigurationManager has already been installed, unable to re-install
2021-07-06 13:16:58.560  INFO 2176 --- [main] o.s.s.concurrent.ThreadPoolTaskExecutor  : Initializing ExecutorService 'applicationTaskExecutor'
2021-07-06 13:16:58.581 DEBUG 2176 --- [main] s.w.s.m.m.a.RequestMappingHandlerAdapter : ControllerAdvice beans: 0 @ModelAttribute, 0 @InitBinder, 1 RequestBodyAdvice, 1 ResponseBodyAdvice
2021-07-06 13:16:58.610 DEBUG 2176 --- [main] s.w.s.m.m.a.RequestMappingHandlerMapping : 5 mappings in 'requestMappingHandlerMapping'
2021-07-06 13:16:58.637 DEBUG 2176 --- [main] o.s.w.s.handler.SimpleUrlHandlerMapping  : Patterns [/webjars/**, /**] in 'resourceHandlerMapping'
2021-07-06 13:16:58.713 DEBUG 2176 --- [main] .m.m.a.ExceptionHandlerExceptionResolver : ControllerAdvice beans: 1 @ExceptionHandler, 1 ResponseBodyAdvice
2021-07-06 13:16:59.007  INFO 2176 --- [main] o.s.b.t.m.w.SpringBootMockServletContext : Initializing Spring TestDispatcherServlet ''
2021-07-06 13:16:59.007  INFO 2176 --- [main] o.s.t.web.servlet.TestDispatcherServlet  : Initializing Servlet ''
2021-07-06 13:16:59.032  INFO 2176 --- [main] o.s.t.web.servlet.TestDispatcherServlet  : Completed initialization in 25 ms
2021-07-06 13:16:59.347  INFO 2176 --- [main] c.c.p.c.PharmacySupplyControllerTest     : Started PharmacySupplyControllerTest in 3.473 seconds (JVM running for 23.987)
2021-07-06 13:16:59.623  INFO 2176 --- [main] c.c.p.c.PharmacySupplyControllerTest     : Start
2021-07-06 13:16:59.624  INFO 2176 --- [main] c.c.p.c.PharmacySupplyControllerTest     : End
2021-07-06 13:16:59.625  INFO 2176 --- [main] c.c.p.c.PharmacySupplyControllerTest     : Start
2021-07-06 13:16:59.655  INFO 2176 --- [main] c.c.p.controller.PharmacyController      : Start
2021-07-06 13:16:59.657 DEBUG 2176 --- [main] c.c.p.controller.PharmacyController      : medicineDemandList medicineDemandList:
2021-07-06 13:16:59.671  INFO 2176 --- [main] c.c.p.controller.PharmacyController      : End
2021-07-06 13:16:59.705  INFO 2176 --- [main] c.c.p.c.PharmacySupplyControllerTest     : Start
2021-07-06 13:16:59.706  INFO 2176 --- [main] c.c.p.c.PharmacySupplyControllerTest     : End
2021-07-06 13:16:59.707  INFO 2176 --- [main] c.c.p.c.PharmacySupplyControllerTest     : Start
2021-07-06 13:16:59.718  INFO 2176 --- [main] c.c.p.c.PharmacySupplyControllerTest     : Response Entity <200 OK OK,[],[]>
2021-07-06 13:16:59.720  INFO 2176 --- [main] c.c.p.c.PharmacySupplyControllerTest     : End
2021-07-06 13:16:59.731  INFO 2176 --- [main] c.c.p.c.PharmacySupplyControllerTest     : Start
2021-07-06 13:16:59.732  INFO 2176 --- [main] c.c.p.c.PharmacySupplyControllerTest     : End
2021-07-06 13:16:59.733  INFO 2176 --- [main] c.c.p.c.PharmacySupplyControllerTest     : Start
2021-07-06 13:16:59.734  INFO 2176 --- [main] c.c.p.c.PharmacySupplyControllerTest     : Response Entity <200 OK OK,[],[]>
2021-07-06 13:16:59.734  INFO 2176 --- [main] c.c.p.c.PharmacySupplyControllerTest     : End
2021-07-06 13:16:59.740  INFO 2176 --- [main] c.c.p.c.PharmacySupplyControllerTest     : Start
2021-07-06 13:16:59.741  INFO 2176 --- [main] c.c.p.c.PharmacySupplyControllerTest     : End
2021-07-06 13:16:59.741  INFO 2176 --- [main] c.c.p.c.PharmacySupplyControllerTest     : Start
2021-07-06 13:16:59.748  INFO 2176 --- [main] c.c.p.c.PharmacySupplyControllerTest     : Start
2021-07-06 13:16:59.749  INFO 2176 --- [main] c.c.p.c.PharmacySupplyControllerTest     : End
2021-07-06 13:16:59.749  INFO 2176 --- [main] c.c.p.c.PharmacySupplyControllerTest     : Start
2021-07-06 13:16:59.756  INFO 2176 --- [main] c.c.p.c.PharmacySupplyControllerTest     : Start
2021-07-06 13:16:59.757  INFO 2176 --- [main] c.c.p.c.PharmacySupplyControllerTest     : End
2021-07-06 13:16:59.758  INFO 2176 --- [main] c.c.p.c.PharmacySupplyControllerTest     : Start
2021-07-06 13:16:59.759  INFO 2176 --- [main] c.c.p.controller.PharmacyController      : Start
2021-07-06 13:16:59.759 DEBUG 2176 --- [main] c.c.p.controller.PharmacyController      : medicineDemandList medicineDemandList:
2021-07-06 13:16:59.761  INFO 2176 --- [main] c.c.p.controller.PharmacyController      : End
2021-07-06 13:16:59.761  INFO 2176 --- [main] c.c.p.c.PharmacySupplyControllerTest     : Response Entity <200 OK OK,[],[]>
2021-07-06 13:16:59.761  INFO 2176 --- [main] c.c.p.c.PharmacySupplyControllerTest     : End
2021-07-06 13:17:00.663  INFO 2176 --- [main] c.c.p.service.PharmacyServiceTest        : No active profile set, falling back to default profiles: default
2021-07-06 13:17:00.671 DEBUG 2176 --- [main] o.s.w.c.s.GenericWebApplicationContext   : Refreshing org.springframework.web.context.support.GenericWebApplicationContext@24c6a471
2021-07-06 13:17:01.062  INFO 2176 --- [main] .s.d.r.c.RepositoryConfigurationDelegate : Bootstrapping Spring Data JPA repositories in DEFAULT mode.
2021-07-06 13:17:01.096  INFO 2176 --- [main] .s.d.r.c.RepositoryConfigurationDelegate : Finished Spring Data repository scanning in 32ms. Found 2 JPA repository interfaces.
2021-07-06 13:17:01.147  INFO 2176 --- [main] o.s.cloud.context.scope.GenericScope     : BeanFactory id=bdadd7b1-65c3-3cd5-ba03-6473703a4c0f
2021-07-06 13:17:01.328  INFO 2176 --- [main] com.zaxxer.hikari.HikariDataSource       : HikariPool-4 - Starting...
2021-07-06 13:17:01.330  INFO 2176 --- [main] com.zaxxer.hikari.HikariDataSource       : HikariPool-4 - Start completed.
2021-07-06 13:17:01.359  INFO 2176 --- [main] o.hibernate.jpa.internal.util.LogHelper  : HHH000204: Processing PersistenceUnitInfo [name: default]
2021-07-06 13:17:01.368  INFO 2176 --- [main] org.hibernate.dialect.Dialect            : HHH000400: Using dialect: org.hibernate.dialect.H2Dialect
2021-07-06 13:17:01.425 DEBUG 2176 --- [main] org.hibernate.SQL                        : drop table if exists medicine_demand CASCADE 
2021-07-06 13:17:01.426 DEBUG 2176 --- [main] org.hibernate.SQL                        : drop table if exists medicine_supply CASCADE 
2021-07-06 13:17:01.429 DEBUG 2176 --- [main] org.hibernate.SQL                        : drop sequence if exists hibernate_sequence
2021-07-06 13:17:01.430 DEBUG 2176 --- [main] org.hibernate.SQL                        : create sequence hibernate_sequence start with 1 increment by 1
2021-07-06 13:17:01.434 DEBUG 2176 --- [main] org.hibernate.SQL                        : create table medicine_demand (id integer not null, demand_count integer not null, medicine_name varchar(255) not null, primary key (id))
2021-07-06 13:17:01.437 DEBUG 2176 --- [main] org.hibernate.SQL                        : create table medicine_supply (id integer not null, medicine_name varchar(255), pharmacy_name varchar(255), supply_count integer not null, primary key (id))
2021-07-06 13:17:01.440  INFO 2176 --- [main] o.h.e.t.j.p.i.JtaPlatformInitiator       : HHH000490: Using JtaPlatform implementation: [org.hibernate.engine.transaction.jta.platform.internal.NoJtaPlatform]
2021-07-06 13:17:01.441  INFO 2176 --- [main] j.LocalContainerEntityManagerFactoryBean : Initialized JPA EntityManagerFactory for persistence unit 'default'
2021-07-06 13:17:01.614  WARN 2176 --- [main] JpaBaseConfiguration$JpaWebConfiguration : spring.jpa.open-in-view is enabled by default. Therefore, database queries may be performed during view rendering. Explicitly configure spring.jpa.open-in-view to disable this warning
2021-07-06 13:17:01.685  INFO 2176 --- [main] o.s.b.a.h2.H2ConsoleAutoConfiguration    : H2 console available at '/h2-console'. Database available at 'jdbc:h2:mem:testdb'
2021-07-06 13:17:01.826  WARN 2176 --- [main] o.s.c.n.a.ArchaiusAutoConfiguration      : Netflix ConfigurationManager has already been installed, unable to re-install
2021-07-06 13:17:02.028  INFO 2176 --- [main] o.s.s.concurrent.ThreadPoolTaskExecutor  : Initializing ExecutorService 'applicationTaskExecutor'
2021-07-06 13:17:02.054 DEBUG 2176 --- [main] s.w.s.m.m.a.RequestMappingHandlerAdapter : ControllerAdvice beans: 0 @ModelAttribute, 0 @InitBinder, 1 RequestBodyAdvice, 1 ResponseBodyAdvice
2021-07-06 13:17:02.088 DEBUG 2176 --- [main] s.w.s.m.m.a.RequestMappingHandlerMapping : 5 mappings in 'requestMappingHandlerMapping'
2021-07-06 13:17:02.116 DEBUG 2176 --- [main] o.s.w.s.handler.SimpleUrlHandlerMapping  : Patterns [/webjars/**, /**] in 'resourceHandlerMapping'
2021-07-06 13:17:02.213 DEBUG 2176 --- [main] .m.m.a.ExceptionHandlerExceptionResolver : ControllerAdvice beans: 1 @ExceptionHandler, 1 ResponseBodyAdvice
2021-07-06 13:17:02.704  INFO 2176 --- [main] c.c.p.service.PharmacyServiceTest        : Started PharmacyServiceTest in 2.513 seconds (JVM running for 27.344)
2021-07-06 13:17:02.726  INFO 2176 --- [main] c.c.p.service.PharmacyServiceTest        : Start
2021-07-06 13:17:02.727  INFO 2176 --- [main] c.c.p.service.PharmacyServiceImpl        : Start
2021-07-06 13:17:02.728  INFO 2176 --- [main] c.c.p.service.PharmacyServiceImpl        : Medicine : com.cognizant.pharmacysupply.model.MedicineDemand@75583206
2021-07-06 13:17:04.768  INFO 2176 --- [main] c.c.p.service.PharmacyServiceTest        : Start
2021-07-06 13:17:04.768  INFO 2176 --- [main] c.c.p.service.PharmacyServiceImpl        : Start
2021-07-06 13:17:05.005 DEBUG 2176 --- [main] org.hibernate.SQL                        : select medicinede0_.id as id1_0_, medicinede0_.demand_count as demand_c2_0_, medicinede0_.medicine_name as medicine3_0_ from medicine_demand medicinede0_
2021-07-06 13:17:05.022  INFO 2176 --- [main] c.c.p.service.PharmacyServiceTest        : End
2021-07-06 13:17:05.030  INFO 2176 --- [main] c.c.p.service.PharmacyServiceImpl        : Start
2021-07-06 13:17:05.030  INFO 2176 --- [main] c.c.p.service.PharmacyServiceImpl        : End
2021-07-06 13:17:05.036  INFO 2176 --- [main] c.c.p.service.PharmacyServiceTest        : Test Get Medicine Supply
2021-07-06 13:17:05.037  INFO 2176 --- [main] c.c.p.service.PharmacyServiceImpl        : Start
2021-07-06 13:17:05.041 DEBUG 2176 --- [main] org.hibernate.SQL                        : select pharmacyme0_.id as id1_1_, pharmacyme0_.medicine_name as medicine2_1_, pharmacyme0_.pharmacy_name as pharmacy3_1_, pharmacyme0_.supply_count as supply_c4_1_ from medicine_supply pharmacyme0_
2021-07-06 13:17:05.050  INFO 2176 --- [main] c.c.p.service.PharmacyServiceImpl        : Start
2021-07-06 13:17:05.051  INFO 2176 --- [main] c.c.p.service.PharmacyServiceImpl        : End
2021-07-06 13:17:05.057  INFO 2176 --- [main] c.c.p.service.PharmacyServiceTest        : Start
2021-07-06 13:17:05.058  INFO 2176 --- [main] c.c.p.service.PharmacyServiceImpl        : Start
2021-07-06 13:17:05.058  INFO 2176 --- [main] c.c.p.service.PharmacyServiceImpl        : Medicine : com.cognizant.pharmacysupply.model.MedicineDemand@7231c423
2021-07-06 13:17:07.073 DEBUG 2176 --- [SpringContextShutdownHook] o.s.w.c.s.GenericWebApplicationContext   : Closing org.springframework.web.context.support.GenericWebApplicationContext@24c6a471, started on Tue Jul 06 13:17:00 IST 2021, parent: org.springframework.context.annotation.AnnotationConfigApplicationContext@793577e0
2021-07-06 13:17:07.073 DEBUG 2176 --- [SpringContextShutdownHook] o.s.w.c.s.GenericWebApplicationContext   : Closing org.springframework.web.context.support.GenericWebApplicationContext@71cb3139, started on Tue Jul 06 13:16:40 IST 2021, parent: org.springframework.context.annotation.AnnotationConfigApplicationContext@40226788
2021-07-06 13:17:07.074 DEBUG 2176 --- [SpringContextShutdownHook] o.s.w.c.s.GenericWebApplicationContext   : Closing org.springframework.web.context.support.GenericWebApplicationContext@1b079e81, started on Tue Jul 06 13:16:56 IST 2021, parent: org.springframework.context.annotation.AnnotationConfigApplicationContext@35bcf3a6
2021-07-06 13:17:07.076  INFO 2176 --- [SpringContextShutdownHook] o.s.s.concurrent.ThreadPoolTaskExecutor  : Shutting down ExecutorService 'applicationTaskExecutor'
2021-07-06 13:17:07.076  INFO 2176 --- [SpringContextShutdownHook] o.s.s.concurrent.ThreadPoolTaskExecutor  : Shutting down ExecutorService 'applicationTaskExecutor'
2021-07-06 13:17:07.076  INFO 2176 --- [SpringContextShutdownHook] o.s.s.concurrent.ThreadPoolTaskExecutor  : Shutting down ExecutorService 'applicationTaskExecutor'
2021-07-06 13:17:07.085  INFO 2176 --- [SpringContextShutdownHook] j.LocalContainerEntityManagerFactoryBean : Closing JPA EntityManagerFactory for persistence unit 'default'
2021-07-06 13:17:07.085  INFO 2176 --- [SpringContextShutdownHook] j.LocalContainerEntityManagerFactoryBean : Closing JPA EntityManagerFactory for persistence unit 'default'
2021-07-06 13:17:07.085  INFO 2176 --- [SpringContextShutdownHook] j.LocalContainerEntityManagerFactoryBean : Closing JPA EntityManagerFactory for persistence unit 'default'
2021-07-06 13:17:07.085  INFO 2176 --- [SpringContextShutdownHook] .SchemaDropperImpl$DelayedDropActionImpl : HHH000477: Starting delayed evictData of schema as part of SessionFactory shut-down'
2021-07-06 13:17:07.086  INFO 2176 --- [SpringContextShutdownHook] .SchemaDropperImpl$DelayedDropActionImpl : HHH000477: Starting delayed evictData of schema as part of SessionFactory shut-down'
2021-07-06 13:17:07.086  INFO 2176 --- [SpringContextShutdownHook] .SchemaDropperImpl$DelayedDropActionImpl : HHH000477: Starting delayed evictData of schema as part of SessionFactory shut-down'
2021-07-06 13:17:07.086 DEBUG 2176 --- [SpringContextShutdownHook] org.hibernate.SQL                        : drop table if exists medicine_demand CASCADE 
2021-07-06 13:17:07.086 DEBUG 2176 --- [SpringContextShutdownHook] org.hibernate.SQL                        : drop table if exists medicine_demand CASCADE 
2021-07-06 13:17:07.086 DEBUG 2176 --- [SpringContextShutdownHook] org.hibernate.SQL                        : drop table if exists medicine_demand CASCADE 
2021-07-06 13:17:07.093 DEBUG 2176 --- [SpringContextShutdownHook] org.hibernate.SQL                        : drop table if exists medicine_supply CASCADE 
2021-07-06 13:17:07.094 DEBUG 2176 --- [SpringContextShutdownHook] org.hibernate.SQL                        : drop sequence if exists hibernate_sequence
2021-07-06 13:17:07.093 DEBUG 2176 --- [SpringContextShutdownHook] org.hibernate.SQL                        : drop table if exists medicine_supply CASCADE 
2021-07-06 13:17:07.094 DEBUG 2176 --- [SpringContextShutdownHook] org.hibernate.SQL                        : drop table if exists medicine_supply CASCADE 
2021-07-06 13:17:07.094 DEBUG 2176 --- [SpringContextShutdownHook] org.hibernate.SQL                        : drop sequence if exists hibernate_sequence
2021-07-06 13:17:07.095 DEBUG 2176 --- [SpringContextShutdownHook] org.hibernate.SQL                        : drop sequence if exists hibernate_sequence
2021-07-06 13:17:07.098  INFO 2176 --- [SpringContextShutdownHook] com.zaxxer.hikari.HikariDataSource       : HikariPool-4 - Shutdown initiated...
2021-07-06 13:17:07.098  INFO 2176 --- [SpringContextShutdownHook] com.zaxxer.hikari.HikariDataSource       : HikariPool-1 - Shutdown initiated...
2021-07-06 13:17:07.099  INFO 2176 --- [SpringContextShutdownHook] com.zaxxer.hikari.HikariDataSource       : HikariPool-3 - Shutdown initiated...
2021-07-06 13:17:07.105  INFO 2176 --- [SpringContextShutdownHook] com.zaxxer.hikari.HikariDataSource       : HikariPool-1 - Shutdown completed.
2021-07-06 13:17:07.106  INFO 2176 --- [SpringContextShutdownHook] com.zaxxer.hikari.HikariDataSource       : HikariPool-3 - Shutdown completed.
2021-07-06 13:17:07.106  INFO 2176 --- [SpringContextShutdownHook] com.zaxxer.hikari.HikariDataSource       : HikariPool-4 - Shutdown completed.
2021-07-06 13:17:07.138  INFO 2176 --- [SpringContextShutdownHook] o.s.s.concurrent.ThreadPoolTaskExecutor  : Shutting down ExecutorService 'applicationTaskExecutor'
2021-07-06 13:17:07.140  INFO 2176 --- [SpringContextShutdownHook] j.LocalContainerEntityManagerFactoryBean : Closing JPA EntityManagerFactory for persistence unit 'default'
2021-07-06 13:17:07.140  INFO 2176 --- [SpringContextShutdownHook] .SchemaDropperImpl$DelayedDropActionImpl : HHH000477: Starting delayed evictData of schema as part of SessionFactory shut-down'
2021-07-06 13:17:07.140 DEBUG 2176 --- [SpringContextShutdownHook] org.hibernate.SQL                        : drop table if exists medicine_demand CASCADE 
2021-07-06 13:17:07.146 DEBUG 2176 --- [SpringContextShutdownHook] org.hibernate.SQL                        : drop table if exists medicine_supply CASCADE 
2021-07-06 13:17:07.146 DEBUG 2176 --- [SpringContextShutdownHook] org.hibernate.SQL                        : drop sequence if exists hibernate_sequence
2021-07-06 13:17:07.148  INFO 2176 --- [SpringContextShutdownHook] com.zaxxer.hikari.HikariDataSource       : HikariPool-2 - Shutdown initiated...
2021-07-06 13:17:07.149  INFO 2176 --- [SpringContextShutdownHook] com.zaxxer.hikari.HikariDataSource       : HikariPool-2 - Shutdown completed.
